<?xml version="1.0" encoding="UTF-8"?>
<testsuite name="com.blibli.Jbehave.AcceptanceTestSuite" time="88.017" tests="11" errors="0" skipped="0" failures="0">
  <properties>
[...]
</properties>
  <testcase name="BeforeStories" classname="java.lang.Object" time="0.044"/>
  <testcase name="Given the user is on the Wikionary home page" classname="com.blibli.Jbehave.steps.DefinitionSteps" time="38.118"/>
  <testcase name="When the user looks up the definition of the word &apos;apple&apos;" classname="com.blibli.Jbehave.steps.DefinitionSteps" time="17.622"/>
  <testcase name="Then they should see the definition &apos;A common, round fruit produced by the tree Malus domestica, cultivated in temperate climates.&apos;" classname="com.blibli.Jbehave.steps.DefinitionSteps" time="6.166"/>
  <testcase name="Scenario: Looking up the definition of &apos;apple&apos;" classname="Scenario: Looking up the definition of &apos;apple&apos;" time="7.096"/>
  <testcase name="Given the user is on the Wikionary home page​" classname="com.blibli.Jbehave.steps.DefinitionSteps" time="8.534"/>
  <testcase name="When the user looks up the definition of the word &apos;pear&apos;" classname="com.blibli.Jbehave.steps.DefinitionSteps" time="7.241"/>
  <testcase name="Then they should see the definition &apos;An edible fruit produced by the pear tree, similar to an apple but elongated towards the stem.&apos;" classname="com.blibli.Jbehave.steps.DefinitionSteps" time="0.897"/>
  <testcase name="Scenario: Looking up the definition of &apos;pear&apos;" classname="Scenario: Looking up the definition of &apos;pear&apos;" time="1.128"/>
  <testcase name="LookupADefinition.story" classname="LookupADefinition.story" time="1.164"/>
  <testcase name="AfterStories" classname="java.lang.Object" time="0.007"/>
</testsuite>